<?xml version="1.0" encoding="UTF-8"?>
<testsuite name="me.manga.kira.backend.common.infrastructure.persistence.PoolLeaseDispatchCreatorIntegrationTest" tests="2" skipped="0" failures="1" errors="0" timestamp="2026-09-13T22:22:25.385Z" hostname="runnervmlun5p" time="15.9">
  <properties/>
  <testcase name="mixed pool creator nesting refuses wrong top fallback and unrelated lease use()" classname="me.manga.kira.backend.common.infrastructure.persistence.PoolLeaseDispatchCreatorIntegrationTest" time="12.479"/>
  <testcase name="MODEL work expiry inside actual afterJdbcCall cannot erase its admitted creator after epoch retirement()" classname="me.manga.kira.backend.common.infrastructure.persistence.PoolLeaseDispatchCreatorIntegrationTest" time="3.417">
    <failure message="org.opentest4j.AssertionFailedError: expected: &lt;true&gt; but was: &lt;false&gt;" type="org.opentest4j.AssertionFailedError">org.opentest4j.AssertionFailedError: expected: &lt;true&gt; but was: &lt;false&gt;
	at app//org.junit.jupiter.api.AssertionFailureBuilder.build(AssertionFailureBuilder.java:151)
	at app//org.junit.jupiter.api.AssertionFailureBuilder.buildAndThrow(AssertionFailureBuilder.java:132)
	at app//org.junit.jupiter.api.AssertTrue.failNotTrue(AssertTrue.java:63)
	at app//org.junit.jupiter.api.AssertTrue.assertTrue(AssertTrue.java:36)
	at app//org.junit.jupiter.api.AssertTrue.assertTrue(AssertTrue.java:31)
	at app//org.junit.jupiter.api.Assertions.assertTrue(Assertions.java:183)
	at app//me.manga.kira.backend.common.infrastructure.persistence.PoolLeaseDispatchCreatorIntegrationTest$MODEL work expiry inside actual afterJdbcCall cannot erase its admitted creator after epoch retirement$1$1$1$store$1$deleteEligibleSourceGrants$1$shim$1.getClientInfo$lambda$8$lambda$7$lambda$6(PoolLeaseDispatchCreatorIntegrationTest.kt:564)
	at app//me.manga.kira.backend.common.infrastructure.persistence.CreatorTailDiagnostics.capture(PoolLeaseDispatchCreatorIntegrationTest.kt:715)
	at app//me.manga.kira.backend.common.infrastructure.persistence.PoolLeaseDispatchCreatorIntegrationTest$MODEL work expiry inside actual afterJdbcCall cannot erase its admitted creator after epoch retirement$1$1$1$store$1$deleteEligibleSourceGrants$1$shim$1.getClientInfo$lambda$8$lambda$7(PoolLeaseDispatchCreatorIntegrationTest.kt:560)
	at app//me.manga.kira.backend.common.infrastructure.persistence.CreatorTailClock.nanoTime(PoolLeaseDispatchCreatorIntegrationTest.kt:806)
	at app//me.manga.kira.backend.common.infrastructure.persistence.PersistenceTimeBudget.remainingMillis(PersistenceTimeBudget.kt:24)
	at app//me.manga.kira.backend.common.infrastructure.persistence.PersistenceFactoryProtocolKt.persistenceFactoryRemainingMillis(PersistenceFactoryProtocol.kt:141)
	at app//me.manga.kira.backend.common.infrastructure.persistence.PersistencePhaseContext.deadlineExpired$kira_backend(PersistencePhaseContext.kt:498)
	at app//me.manga.kira.backend.common.infrastructure.persistence.PersistencePhaseContext.requireWork(PersistencePhaseContext.kt:509)
	at app//me.manga.kira.backend.common.infrastructure.persistence.PersistencePhaseContext.afterJdbcCall$kira_backend(PersistencePhaseContext.kt:343)
	at app//me.manga.kira.backend.common.infrastructure.persistence.LeaseConnectionCalls.invokeConnection(LeaseJdbcFacade.kt:140)
	at app//me.manga.kira.backend.common.infrastructure.persistence.LeaseConnectionCalls.invoke(LeaseJdbcFacade.kt:48)
	at platform/jdk.proxy4/jdk.proxy4.$Proxy39.getClientInfo(Unknown Source)
	at app//me.manga.kira.backend.common.infrastructure.persistence.LeaseJdbcFacade.getClientInfo(LeaseJdbcFacade.kt)
	at app//me.manga.kira.backend.common.infrastructure.persistence.PoolLeaseDispatchCreatorIntegrationTest$MODEL work expiry inside actual afterJdbcCall cannot erase its admitted creator after epoch retirement$1$1$1$store$1$deleteEligibleSourceGrants$1.invoke$lambda$1(PoolLeaseDispatchCreatorIntegrationTest.kt:618)
	at app//me.manga.kira.backend.common.infrastructure.persistence.CreatorTailDiagnostics.expectExpiry(PoolLeaseDispatchCreatorIntegrationTest.kt:723)
	at app//me.manga.kira.backend.common.infrastructure.persistence.PoolLeaseDispatchCreatorIntegrationTest$MODEL work expiry inside actual afterJdbcCall cannot erase its admitted creator after epoch retirement$1$1$1$store$1$deleteEligibleSourceGrants$1.invoke(PoolLeaseDispatchCreatorIntegrationTest.kt:618)
	at app//me.manga.kira.backend.common.infrastructure.persistence.PoolLeaseDispatchCreatorIntegrationTest$MODEL work expiry inside actual afterJdbcCall cannot erase its admitted creator after epoch retirement$1$1$1$store$1$deleteEligibleSourceGrants$1.invoke(PoolLeaseDispatchCreatorIntegrationTest.kt:541)
	at app//me.manga.kira.backend.common.infrastructure.persistence.CreatorTailDiagnostics.capture(PoolLeaseDispatchCreatorIntegrationTest.kt:715)
	at app//me.manga.kira.backend.common.infrastructure.persistence.PoolLeaseDispatchCreatorIntegrationTest$MODEL work expiry inside actual afterJdbcCall cannot erase its admitted creator after epoch retirement$1$1$1$store$1.deleteEligibleSourceGrants(PoolLeaseDispatchCreatorIntegrationTest.kt:541)
	at app//me.manga.kira.backend.complaint.infrastructure.transaction.OrdinaryPersistencePhaseExecutor.cleanupSourceGrants(OrdinaryPersistencePhaseExecutor.kt:21)
	at app//me.manga.kira.backend.common.infrastructure.persistence.PoolLeaseDispatchCreatorIntegrationTest.MODEL_work_expiry_inside_actual_afterJdbcCall_cannot_erase_its_admitted_creator_after_epoch_retirement$lambda$61$lambda$60$lambda$59(PoolLeaseDispatchCreatorIntegrationTest.kt:627)
	at app//me.manga.kira.backend.common.infrastructure.persistence.CreatorTailDiagnostics.capture(PoolLeaseDispatchCreatorIntegrationTest.kt:715)
	at app//me.manga.kira.backend.common.infrastructure.persistence.PoolLeaseDispatchCreatorIntegrationTest.MODEL_work_expiry_inside_actual_afterJdbcCall_cannot_erase_its_admitted_creator_after_epoch_retirement$lambda$61$lambda$60(PoolLeaseDispatchCreatorIntegrationTest.kt:536)
	at app//me.manga.kira.backend.common.infrastructure.persistence.OrdinarySourceGrantCleanupFixtureKt.withOrdinarySourceGrantCleanup$lambda$1(OrdinarySourceGrantCleanupFixture.kt:51)
	at app//me.manga.kira.backend.common.infrastructure.persistence.PersistencePgOwnedCutIntegrationTestKt.withOwnedCutPool(PersistencePgOwnedCutIntegrationTest.kt:1388)
	at app//me.manga.kira.backend.common.infrastructure.persistence.PersistencePgOwnedCutIntegrationTestKt.withOwnedCutPool$default(PersistencePgOwnedCutIntegrationTest.kt:1370)
	at app//me.manga.kira.backend.common.infrastructure.persistence.OrdinarySourceGrantCleanupFixtureKt.withOrdinarySourceGrantCleanup(OrdinarySourceGrantCleanupFixture.kt:47)
	at app//me.manga.kira.backend.common.infrastructure.persistence.PoolLeaseDispatchCreatorIntegrationTest.MODEL_work_expiry_inside_actual_afterJdbcCall_cannot_erase_its_admitted_creator_after_epoch_retirement$lambda$61(PoolLeaseDispatchCreatorIntegrationTest.kt:535)
	at app//me.manga.kira.backend.common.infrastructure.persistence.CreatorTailDiagnostics.withFixture(PoolLeaseDispatchCreatorIntegrationTest.kt:766)
	at app//me.manga.kira.backend.common.infrastructure.persistence.PoolLeaseDispatchCreatorIntegrationTest.MODEL work expiry inside actual afterJdbcCall cannot erase its admitted creator after epoch retirement(PoolLeaseDispatchCreatorIntegrationTest.kt:534)
	at java.base@21.0.12.1/java.lang.reflect.Method.invoke(Method.java:580)
	at java.base@21.0.12.1/java.util.ArrayList.forEach(ArrayList.java:1596)
	at java.base@21.0.12.1/java.util.ArrayList.forEach(ArrayList.java:1596)
</failure>
  </testcase>
  <system-out><![CDATA[22:22:25.495 [Test worker] INFO org.testcontainers.images.PullPolicy -- Image pull policy will be performed by: DefaultPullPolicy()
22:22:25.501 [Test worker] INFO org.testcontainers.utility.ImageNameSubstitutor -- Image name substitution will be performed by: DefaultImageNameSubstitutor (composite of 'ConfigurationFileImageNameSubstitutor' and 'PrefixingImageNameSubstitutor')
22:22:25.512 [Test worker] INFO org.testcontainers.DockerClientFactory -- Testcontainers version: 1.21.4
22:22:25.821 [Test worker] INFO org.testcontainers.dockerclient.DockerClientProviderStrategy -- Found Docker environment with Environment variables, system properties and defaults. Resolved dockerHost=unix:///var/run/docker.sock
22:22:25.822 [Test worker] INFO org.testcontainers.DockerClientFactory -- Docker host IP address is localhost
22:22:25.836 [Test worker] INFO org.testcontainers.DockerClientFactory -- Connected to docker: 
  Server Version: 28.0.4
  API Version: 1.48
  Operating System: Ubuntu 24.04.5 LTS
  Total Memory: 7938 MB
22:22:25.865 [Test worker] INFO tc.testcontainers/ryuk:0.12.0 -- Pulling docker image: testcontainers/ryuk:0.12.0. Please be patient; this may take some time but only needs to be done once.
22:22:25.869 [Test worker] INFO org.testcontainers.utility.RegistryAuthLocator -- Failure when attempting to lookup auth config. Please ignore if you don't have images in an authenticated registry. Details: (dockerImageName: testcontainers/ryuk:latest, configFile: /home/runner/work/_temp/app29-lease-dispatch-pg-03-34786407104-1/home/.docker/config.json, configEnv: DOCKER_AUTH_CONFIG). Falling back to docker-java default behaviour. Exception message: Status 404: No config supplied. Checked in order: /home/runner/work/_temp/app29-lease-dispatch-pg-03-34786407104-1/home/.docker/config.json (file not found), DOCKER_AUTH_CONFIG (not set)
22:22:26.770 [docker-java-stream--1931961954] INFO tc.testcontainers/ryuk:0.12.0 -- Starting to pull image
22:22:26.789 [docker-java-stream--1931961954] INFO tc.testcontainers/ryuk:0.12.0 -- Pulling image layers:  0 pending,  0 downloaded,  0 extracted, (0 bytes/0 bytes)
22:22:27.382 [docker-java-stream--1931961954] INFO tc.testcontainers/ryuk:0.12.0 -- Pulling image layers:  2 pending,  1 downloaded,  0 extracted, (142 KB/? MB)
22:22:27.405 [docker-java-stream--1931961954] INFO tc.testcontainers/ryuk:0.12.0 -- Pulling image layers:  1 pending,  2 downloaded,  0 extracted, (142 KB/? MB)
22:22:27.425 [docker-java-stream--1931961954] INFO tc.testcontainers/ryuk:0.12.0 -- Pulling image layers:  0 pending,  3 downloaded,  0 extracted, (158 KB/11 MB)
22:22:27.499 [docker-java-stream--1931961954] INFO tc.testcontainers/ryuk:0.12.0 -- Pulling image layers:  0 pending,  3 downloaded,  1 extracted, (3 MB/11 MB)
22:22:27.862 [docker-java-stream--1931961954] INFO tc.testcontainers/ryuk:0.12.0 -- Pulling image layers:  0 pending,  3 downloaded,  2 extracted, (4 MB/11 MB)
22:22:28.057 [docker-java-stream--1931961954] INFO tc.testcontainers/ryuk:0.12.0 -- Pulling image layers:  0 pending,  3 downloaded,  3 extracted, (11 MB/11 MB)
22:22:28.067 [docker-java-stream--1931961954] INFO tc.testcontainers/ryuk:0.12.0 -- Pull complete. 3 layers, pulled in 1s (downloaded 11 MB at 11 MB/s)
22:22:28.067 [Test worker] INFO tc.testcontainers/ryuk:0.12.0 -- Image testcontainers/ryuk:0.12.0 pull took PT2.20200413S
22:22:28.087 [Test worker] INFO tc.testcontainers/ryuk:0.12.0 -- Creating container for image: testcontainers/ryuk:0.12.0
22:22:28.180 [Test worker] INFO tc.testcontainers/ryuk:0.12.0 -- Container testcontainers/ryuk:0.12.0 is starting: f6ecb9079172cda18257e57057fc30e09fca30f2612ba18dabf054a8f911a6f5
22:22:28.467 [Test worker] INFO tc.testcontainers/ryuk:0.12.0 -- Container testcontainers/ryuk:0.12.0 started in PT0.380185601S
22:22:28.472 [Test worker] INFO org.testcontainers.utility.RyukResourceReaper -- Ryuk started - will monitor and terminate Testcontainers containers on JVM exit
22:22:28.472 [Test worker] INFO org.testcontainers.DockerClientFactory -- Checking the system...
22:22:28.473 [Test worker] INFO org.testcontainers.DockerClientFactory -- ✔︎ Docker server version should be at least 1.6.0
22:22:28.475 [Test worker] INFO tc.postgres:17.6-alpine -- Pulling docker image: postgres:17.6-alpine. Please be patient; this may take some time but only needs to be done once.
22:22:29.570 [docker-java-stream-630802000] INFO tc.postgres:17.6-alpine -- Starting to pull image
22:22:29.572 [docker-java-stream-630802000] INFO tc.postgres:17.6-alpine -- Pulling image layers:  0 pending,  0 downloaded,  0 extracted, (0 bytes/0 bytes)
22:22:30.057 [docker-java-stream-630802000] INFO tc.postgres:17.6-alpine -- Pulling image layers:  9 pending,  1 downloaded,  0 extracted, (968 bytes/? MB)
22:22:30.126 [docker-java-stream-630802000] INFO tc.postgres:17.6-alpine -- Pulling image layers:  8 pending,  2 downloaded,  0 extracted, (63 KB/? MB)
22:22:30.154 [docker-java-stream-630802000] INFO tc.postgres:17.6-alpine -- Pulling image layers:  7 pending,  3 downloaded,  0 extracted, (63 KB/? MB)
22:22:30.292 [docker-java-stream-630802000] INFO tc.postgres:17.6-alpine -- Pulling image layers:  6 pending,  4 downloaded,  0 extracted, (784 KB/? MB)
22:22:30.327 [docker-java-stream-630802000] INFO tc.postgres:17.6-alpine -- Pulling image layers:  6 pending,  4 downloaded,  1 extracted, (3 MB/? MB)
22:22:30.472 [docker-java-stream-630802000] INFO tc.postgres:17.6-alpine -- Pulling image layers:  5 pending,  5 downloaded,  1 extracted, (3 MB/? MB)
22:22:30.481 [docker-java-stream-630802000] INFO tc.postgres:17.6-alpine -- Pulling image layers:  5 pending,  5 downloaded,  2 extracted, (3 MB/? MB)
22:22:30.535 [docker-java-stream-630802000] INFO tc.postgres:17.6-alpine -- Pulling image layers:  5 pending,  5 downloaded,  3 extracted, (5 MB/? MB)
22:22:30.550 [docker-java-stream-630802000] INFO tc.postgres:17.6-alpine -- Pulling image layers:  4 pending,  6 downloaded,  3 extracted, (5 MB/? MB)
22:22:30.555 [docker-java-stream-630802000] INFO tc.postgres:17.6-alpine -- Pulling image layers:  4 pending,  6 downloaded,  4 extracted, (5 MB/? MB)
22:22:30.736 [docker-java-stream-630802000] INFO tc.postgres:17.6-alpine -- Pulling image layers:  3 pending,  7 downloaded,  4 extracted, (53 MB/? MB)
22:22:30.792 [docker-java-stream-630802000] INFO tc.postgres:17.6-alpine -- Pulling image layers:  2 pending,  8 downloaded,  4 extracted, (53 MB/? MB)
22:22:30.924 [docker-java-stream-630802000] INFO tc.postgres:17.6-alpine -- Pulling image layers:  1 pending,  9 downloaded,  4 extracted, (83 MB/? MB)
22:22:31.005 [docker-java-stream-630802000] INFO tc.postgres:17.6-alpine -- Pulling image layers:  0 pending, 10 downloaded,  4 extracted, (83 MB/105 MB)
22:22:35.393 [docker-java-stream-630802000] INFO tc.postgres:17.6-alpine -- Pulling image layers:  0 pending, 10 downloaded,  5 extracted, (105 MB/105 MB)
22:22:35.414 [docker-java-stream-630802000] INFO tc.postgres:17.6-alpine -- Pulling image layers:  0 pending, 10 downloaded,  6 extracted, (105 MB/105 MB)
22:22:35.425 [docker-java-stream-630802000] INFO tc.postgres:17.6-alpine -- Pulling image layers:  0 pending, 10 downloaded,  7 extracted, (105 MB/105 MB)
22:22:35.449 [docker-java-stream-630802000] INFO tc.postgres:17.6-alpine -- Pulling image layers:  0 pending, 10 downloaded,  8 extracted, (105 MB/105 MB)
22:22:35.460 [docker-java-stream-630802000] INFO tc.postgres:17.6-alpine -- Pulling image layers:  0 pending, 10 downloaded,  9 extracted, (105 MB/105 MB)
22:22:35.469 [docker-java-stream-630802000] INFO tc.postgres:17.6-alpine -- Pulling image layers:  0 pending, 10 downloaded, 10 extracted, (105 MB/105 MB)
22:22:35.474 [Test worker] INFO tc.postgres:17.6-alpine -- Image postgres:17.6-alpine pull took PT6.99941872S
22:22:35.474 [docker-java-stream-630802000] INFO tc.postgres:17.6-alpine -- Pull complete. 10 layers, pulled in 5s (downloaded 105 MB at 21 MB/s)
22:22:35.477 [Test worker] INFO tc.postgres:17.6-alpine -- Creating container for image: postgres:17.6-alpine
22:22:35.497 [Test worker] INFO tc.postgres:17.6-alpine -- Container postgres:17.6-alpine is starting: 0406865a5e7408dae89fc3e8f111850b0414ffbab1532c9326dc742f1872ce4c
22:22:37.366 [Test worker] INFO tc.postgres:17.6-alpine -- Container postgres:17.6-alpine started in PT1.889169453S
22:22:37.367 [Test worker] INFO tc.postgres:17.6-alpine -- Container is started (JDBC URL: jdbc:postgresql://localhost:32769/w03_lifecycle?loggerLevel=OFF)
22:22:37.659 [Test worker] INFO com.zaxxer.hikari.HikariDataSource -- HikariPool-1 - Starting...
22:22:37.666 [Test worker] INFO com.zaxxer.hikari.HikariDataSource -- HikariPool-1 - Start completed.
22:22:37.779 [Test worker] INFO com.zaxxer.hikari.HikariDataSource -- HikariPool-2 - Starting...
22:22:37.780 [Test worker] INFO com.zaxxer.hikari.HikariDataSource -- HikariPool-2 - Start completed.
22:22:37.814 [Test worker] INFO com.zaxxer.hikari.HikariDataSource -- HikariPool-2 - Shutdown initiated...
22:22:37.835 [Test worker] INFO com.zaxxer.hikari.HikariDataSource -- HikariPool-2 - Shutdown completed.
22:22:37.837 [Test worker] INFO com.zaxxer.hikari.HikariDataSource -- HikariPool-1 - Shutdown initiated...
22:22:37.841 [Test worker] INFO com.zaxxer.hikari.HikariDataSource -- HikariPool-1 - Shutdown completed.
PG_LIFECYCLE_ROOT_CLEANUP result=TRACKED_LOCAL_ENDED actors=12 all_terminated=true proof=REAL_COMPOSITION
PG_LIFECYCLE_ROOT_CLEANUP result=TRACKED_LOCAL_ENDED actors=12 all_terminated=true proof=REAL_COMPOSITION
22:22:38.080 [Test worker] INFO org.flywaydb.core.FlywayExecutor -- Database: jdbc:postgresql://localhost:32769/w03_lifecycle (PostgreSQL 17.6)
22:22:38.132 [Test worker] INFO org.flywaydb.core.internal.schemahistory.JdbcTableSchemaHistory -- Schema history table "public"."flyway_schema_history" does not exist yet
22:22:38.136 [Test worker] INFO org.flywaydb.core.internal.command.DbValidate -- Successfully validated 14 migrations (execution time 00:00.033s)
22:22:38.150 [Test worker] INFO org.flywaydb.core.internal.schemahistory.JdbcTableSchemaHistory -- Creating Schema History table "public"."flyway_schema_history" ...
22:22:38.208 [Test worker] INFO org.flywaydb.core.internal.command.DbMigrate -- Current version of schema "public": << Empty Schema >>
22:22:38.225 [Test worker] INFO org.flywaydb.core.internal.command.DbMigrate -- Migrating schema "public" to version "1 - users"
22:22:38.271 [Test worker] INFO org.flywaydb.core.internal.command.DbMigrate -- Migrating schema "public" to version "2 - source config"
22:22:38.307 [Test worker] INFO org.flywaydb.core.internal.command.DbMigrate -- Migrating schema "public" to version "3 - published documents"
22:22:38.324 [Test worker] INFO org.flywaydb.core.internal.command.DbMigrate -- Migrating schema "public" to version "4 - audit log"
22:22:38.342 [Test worker] INFO org.flywaydb.core.internal.command.DbMigrate -- Migrating schema "public" to version "5 - completions"
22:22:38.359 [Test worker] INFO org.flywaydb.core.internal.command.DbMigrate -- Migrating schema "public" to version "6 - completion retention"
22:22:38.371 [Test worker] INFO org.flywaydb.core.internal.command.DbMigrate -- Migrating schema "public" to version "7 - signed published documents"
22:22:38.382 [Test worker] INFO org.flywaydb.core.internal.command.DbMigrate -- Migrating schema "public" to version "8 - enforce completion result xor"
22:22:38.399 [Test worker] INFO org.flywaydb.core.internal.command.DbMigrate -- Migrating schema "public" to version "9 - tutorials"
22:22:38.454 [Test worker] INFO org.flywaydb.core.internal.command.DbMigrate -- Migrating schema "public" to version "10 - source catalog v2"
22:22:38.485 [Test worker] INFO org.flywaydb.core.internal.command.DbMigrate -- Migrating schema "public" to version "11 - source editor drafts"
22:22:38.499 [Test worker] INFO org.flywaydb.core.internal.command.DbMigrate -- Migrating schema "public" to version "12 - admin step up grants"
22:22:38.511 [Test worker] INFO org.flywaydb.core.internal.command.DbMigrate -- Migrating schema "public" to version "13 - source changesets"
22:22:38.551 [Test worker] INFO org.flywaydb.core.internal.command.DbMigrate -- Migrating schema "public" to version "14 - backend owned complaints"
22:22:38.740 [Test worker] INFO org.flywaydb.core.internal.command.DbMigrate -- Successfully applied 14 migrations to schema "public", now at version v14 (execution time 00:00.349s)
22:22:38.941 [Test worker] INFO org.hibernate.jpa.internal.util.LogHelper -- HHH000204: Processing PersistenceUnitInfo [name: default]
22:22:38.981 [Test worker] INFO org.hibernate.Version -- HHH000412: Hibernate ORM core version 6.6.53.Final
22:22:39.005 [Test worker] INFO org.hibernate.cache.internal.RegionFactoryInitiator -- HHH000026: Second-level cache disabled
22:22:39.625 [Test worker] INFO org.springframework.orm.jpa.persistenceunit.SpringPersistenceUnitInfo -- No LoadTimeWeaver setup: ignoring JPA class transformer
22:22:39.646 [Test worker] WARN org.hibernate.orm.deprecation -- HHH90000025: PostgreSQLDialect does not need to be specified explicitly using 'hibernate.dialect' (remove the property setting and it will be selected by default)
22:22:39.656 [Test worker] INFO org.hibernate.orm.connections.pooling -- HHH10001005: Database info:
	Database JDBC URL [undefined/unknown]
	Database driver: undefined/unknown
	Database version: 12.0
	Autocommit mode: undefined/unknown
	Isolation level: <unknown>
	Minimum pool size: undefined/unknown
	Maximum pool size: undefined/unknown
22:22:39.855 [Test worker] INFO org.hibernate.validator.internal.util.Version -- HV000001: Hibernate Validator 8.0.3.Final
22:22:40.364 [Test worker] INFO org.hibernate.engine.transaction.jta.platform.internal.JtaPlatformInitiator -- HHH000489: No JTA platform available (set 'hibernate.transaction.jta.platform' to enable JTA platform integration)
22:22:40.375 [Test worker] INFO com.zaxxer.hikari.HikariDataSource -- HikariPool-3 - Starting...
22:22:40.376 [Test worker] INFO com.zaxxer.hikari.HikariDataSource -- HikariPool-3 - Start completed.
22:22:41.055 [Test worker] INFO org.springframework.orm.jpa.LocalContainerEntityManagerFactoryBean -- Initialized JPA EntityManagerFactory for persistence unit 'default'
22:22:41.252 [Test worker] INFO org.springframework.orm.jpa.LocalContainerEntityManagerFactoryBean -- Closing JPA EntityManagerFactory for persistence unit 'default'
22:22:41.256 [Test worker] INFO com.zaxxer.hikari.HikariDataSource -- HikariPool-3 - Shutdown initiated...
22:22:41.258 [Test worker] INFO com.zaxxer.hikari.HikariDataSource -- HikariPool-3 - Shutdown completed.
PG_LIFECYCLE_ROOT_CLEANUP result=TRACKED_LOCAL_ENDED actors=12 all_terminated=true proof=REAL_COMPOSITION
PG_POOL_CREATOR_MODEL stages=STORE_ENTERED,LEASE_OBTAINED,SETUP_OBTAINED,LOWER_RETURNED,CLOCK_ARMED,CLOCK_ENTERED actor_ran=false call_returned=false call_failure=AssertionFailedError expected_expiry=false call_code=null call_database=null call_cleanup=null phase_code=WORK_FAILED phase_database=ROLLED_BACK phase_cleanup=true unexpected=AssertionFailedError
]]></system-out>
  <system-err><![CDATA[]]></system-err>
</testsuite>
